app/build/intermediates/manifest_merge_blame_file/debug/manifest-merger-blame-debug-report.txt
1<?xml version="1.0" encoding="utf-8"?>
2<manifest xmlns:android="http://schemas.android.com/apk/res/android"
3    package="com.maluku.sma_rt"
4    android:versionCode="1"
5    android:versionName="1.0" >
6
7    <uses-sdk
8        android:minSdkVersion="21"
8-->src\main\AndroidManifest.xml
9        android:targetSdkVersion="31" />
9-->src\main\AndroidManifest.xml
10
11    <uses-permission android:name="android.permission.INTERNET" />
11-->src\main\AndroidManifest.xml:6:5-67
11-->src\main\AndroidManifest.xml:6:22-64
12    <uses-permission
12-->src\main\AndroidManifest.xml:7:5-9:38
13        android:name="android.permission.WRITE_EXTERNAL_STORAGE"
13-->src\main\AndroidManifest.xml:8:9-65
14        android:maxSdkVersion="18" />
14-->src\main\AndroidManifest.xml:9:9-35
15    <uses-permission
15-->src\main\AndroidManifest.xml:10:5-12:38
16        android:name="android.permission.READ_EXTERNAL_STORAGE"
16-->src\main\AndroidManifest.xml:11:9-64
17        android:maxSdkVersion="18" />
17-->src\main\AndroidManifest.xml:12:9-35
18    <uses-permission android:name="android.permission.USE_BIOMETRIC" /> <!-- suppress DeprecatedClassUsageInspection -->
18-->[androidx.biometric:biometric:1.1.0] AndroidManifest.xml:24:5-72
18-->[androidx.biometric:biometric:1.1.0] AndroidManifest.xml:24:22-69
19    <uses-permission android:name="android.permission.USE_FINGERPRINT" />
19-->[androidx.biometric:biometric:1.1.0] AndroidManifest.xml:27:5-74
19-->[androidx.biometric:biometric:1.1.0] AndroidManifest.xml:27:22-71
20    <uses-permission android:name="android.permission.ACCESS_NETWORK_STATE" /> <!-- Optional permission for Analytics to run. -->
20-->[com.google.android.gms:play-services-analytics:17.0.1] AndroidManifest.xml:24:5-79
20-->[com.google.android.gms:play-services-analytics:17.0.1] AndroidManifest.xml:24:22-76
21    <uses-permission android:name="android.permission.WAKE_LOCK" />
21-->[com.google.android.gms:play-services-analytics:17.0.1] AndroidManifest.xml:27:5-68
21-->[com.google.android.gms:play-services-analytics:17.0.1] AndroidManifest.xml:27:22-65
22
23    <application
23-->src\main\AndroidManifest.xml:14:5-37:19
24        android:allowBackup="true"
24-->src\main\AndroidManifest.xml:15:9-35
25        android:appComponentFactory="androidx.core.app.CoreComponentFactory"
25-->[androidx.core:core:1.6.0] AndroidManifest.xml:24:18-86
26        android:debuggable="true"
27        android:fullBackupContent="@xml/backup_descriptor"
27-->src\main\AndroidManifest.xml:16:9-59
28        android:icon="@mipmap/ic_launcher"
28-->src\main\AndroidManifest.xml:17:9-43
29        android:label="@string/app_name"
29-->src\main\AndroidManifest.xml:18:9-41
30        android:roundIcon="@mipmap/ic_launcher_round"
30-->src\main\AndroidManifest.xml:19:9-54
31        android:supportsRtl="true"
31-->src\main\AndroidManifest.xml:20:9-35
32        android:testOnly="true"
33        android:theme="@style/Theme.CustomSplashScreenTheme"
33-->src\main\AndroidManifest.xml:21:9-61
34        android:usesCleartextTraffic="true" >
34-->src\main\AndroidManifest.xml:22:9-44
35        <activity
35-->src\main\AndroidManifest.xml:24:9-33:20
36            android:name="com.maluku.sma_rt.view.MainActivity"
36-->src\main\AndroidManifest.xml:25:13-46
37            android:enabled="true"
37-->src\main\AndroidManifest.xml:26:13-35
38            android:exported="true" >
38-->src\main\AndroidManifest.xml:27:13-36
39            <intent-filter>
39-->src\main\AndroidManifest.xml:28:13-32:29
40                <action android:name="android.intent.action.MAIN" />
40-->src\main\AndroidManifest.xml:29:17-69
40-->src\main\AndroidManifest.xml:29:25-66
41
42                <category android:name="android.intent.category.LAUNCHER" />
42-->src\main\AndroidManifest.xml:31:17-77
42-->src\main\AndroidManifest.xml:31:27-74
43            </intent-filter>
44        </activity>
45
46        <meta-data
46-->src\main\AndroidManifest.xml:34:9-36:57
47            android:name="preloaded_fonts"
47-->src\main\AndroidManifest.xml:35:13-43
48            android:resource="@array/preloaded_fonts" />
48-->src\main\AndroidManifest.xml:36:13-54
49
50        <uses-library
50-->[androidx.window:window:1.0.0-beta02] AndroidManifest.xml:25:9-27:40
51            android:name="androidx.window.extensions"
51-->[androidx.window:window:1.0.0-beta02] AndroidManifest.xml:26:13-54
52            android:required="false" />
52-->[androidx.window:window:1.0.0-beta02] AndroidManifest.xml:27:13-37
53        <uses-library
53-->[androidx.window:window:1.0.0-beta02] AndroidManifest.xml:28:9-30:40
54            android:name="androidx.window.sidecar"
54-->[androidx.window:window:1.0.0-beta02] AndroidManifest.xml:29:13-51
55            android:required="false" />
55-->[androidx.window:window:1.0.0-beta02] AndroidManifest.xml:30:13-37
56
57        <activity
57-->[pub.devrel:easypermissions:3.0.0] AndroidManifest.xml:12:9-16:66
58            android:name="pub.devrel.easypermissions.AppSettingsDialogHolderActivity"
58-->[pub.devrel:easypermissions:3.0.0] AndroidManifest.xml:13:13-86
59            android:exported="false"
59-->[pub.devrel:easypermissions:3.0.0] AndroidManifest.xml:14:13-37
60            android:label=""
60-->[pub.devrel:easypermissions:3.0.0] AndroidManifest.xml:15:13-29
61            android:theme="@style/EasyPermissions.Transparent" />
61-->[pub.devrel:easypermissions:3.0.0] AndroidManifest.xml:16:13-63
62
63        <receiver
63-->[com.google.android.gms:play-services-analytics:17.0.1] AndroidManifest.xml:30:9-34:20
64            android:name="com.google.android.gms.analytics.AnalyticsReceiver"
64-->[com.google.android.gms:play-services-analytics:17.0.1] AndroidManifest.xml:31:13-78
65            android:enabled="true"
65-->[com.google.android.gms:play-services-analytics:17.0.1] AndroidManifest.xml:32:13-35
66            android:exported="false" >
66-->[com.google.android.gms:play-services-analytics:17.0.1] AndroidManifest.xml:33:13-37
67        </receiver>
68
69        <service
69-->[com.google.android.gms:play-services-analytics:17.0.1] AndroidManifest.xml:36:9-39:40
70            android:name="com.google.android.gms.analytics.AnalyticsService"
70-->[com.google.android.gms:play-services-analytics:17.0.1] AndroidManifest.xml:37:13-77
71            android:enabled="true"
71-->[com.google.android.gms:play-services-analytics:17.0.1] AndroidManifest.xml:38:13-35
72            android:exported="false" />
72-->[com.google.android.gms:play-services-analytics:17.0.1] AndroidManifest.xml:39:13-37
73        <service
73-->[com.google.android.gms:play-services-analytics:17.0.1] AndroidManifest.xml:40:9-44:72
74            android:name="com.google.android.gms.analytics.AnalyticsJobService"
74-->[com.google.android.gms:play-services-analytics:17.0.1] AndroidManifest.xml:41:13-80
75            android:enabled="true"
75-->[com.google.android.gms:play-services-analytics:17.0.1] AndroidManifest.xml:42:13-35
76            android:exported="false"
76-->[com.google.android.gms:play-services-analytics:17.0.1] AndroidManifest.xml:43:13-37
77            android:permission="android.permission.BIND_JOB_SERVICE" />
77-->[com.google.android.gms:play-services-analytics:17.0.1] AndroidManifest.xml:44:13-69
78        <service
78-->[com.google.firebase:firebase-storage-ktx:20.0.0] AndroidManifest.xml:12:9-18:19
79            android:name="com.google.firebase.components.ComponentDiscoveryService"
79-->[com.google.firebase:firebase-storage-ktx:20.0.0] AndroidManifest.xml:13:13-84
80            android:directBootAware="true"
80-->[com.google.firebase:firebase-common:20.0.0] AndroidManifest.xml:35:13-43
81            android:exported="false" >
81-->[com.google.firebase:firebase-storage-ktx:20.0.0] AndroidManifest.xml:14:13-37
82            <meta-data
82-->[com.google.firebase:firebase-storage-ktx:20.0.0] AndroidManifest.xml:15:13-17:85
83                android:name="com.google.firebase.components:com.google.firebase.storage.ktx.FirebaseStorageKtxRegistrar"
83-->[com.google.firebase:firebase-storage-ktx:20.0.0] AndroidManifest.xml:16:17-122
84                android:value="com.google.firebase.components.ComponentRegistrar" />
84-->[com.google.firebase:firebase-storage-ktx:20.0.0] AndroidManifest.xml:17:17-82
85            <meta-data
85-->[com.google.firebase:firebase-common-ktx:20.0.0] AndroidManifest.xml:15:13-17:85
86                android:name="com.google.firebase.components:com.google.firebase.ktx.FirebaseCommonKtxRegistrar"
86-->[com.google.firebase:firebase-common-ktx:20.0.0] AndroidManifest.xml:16:17-113
87                android:value="com.google.firebase.components.ComponentRegistrar" />
87-->[com.google.firebase:firebase-common-ktx:20.0.0] AndroidManifest.xml:17:17-82
88            <meta-data
88-->[com.google.firebase:firebase-storage:20.0.0] AndroidManifest.xml:33:13-35:85
89                android:name="com.google.firebase.components:com.google.firebase.storage.StorageRegistrar"
89-->[com.google.firebase:firebase-storage:20.0.0] AndroidManifest.xml:34:17-107
90                android:value="com.google.firebase.components.ComponentRegistrar" />
90-->[com.google.firebase:firebase-storage:20.0.0] AndroidManifest.xml:35:17-82
91        </service>
92
93        <provider
93-->[com.google.firebase:firebase-common:20.0.0] AndroidManifest.xml:26:9-31:39
94            android:name="com.google.firebase.provider.FirebaseInitProvider"
94-->[com.google.firebase:firebase-common:20.0.0] AndroidManifest.xml:27:13-77
95            android:authorities="com.maluku.sma_rt.firebaseinitprovider"
95-->[com.google.firebase:firebase-common:20.0.0] AndroidManifest.xml:28:13-72
96            android:directBootAware="true"
96-->[com.google.firebase:firebase-common:20.0.0] AndroidManifest.xml:29:13-43
97            android:exported="false"
97-->[com.google.firebase:firebase-common:20.0.0] AndroidManifest.xml:30:13-37
98            android:initOrder="100" />
98-->[com.google.firebase:firebase-common:20.0.0] AndroidManifest.xml:31:13-36
99
100        <activity
100-->[com.google.android.gms:play-services-base:17.1.0] AndroidManifest.xml:23:9-26:75
101            android:name="com.google.android.gms.common.api.GoogleApiActivity"
101-->[com.google.android.gms:play-services-base:17.1.0] AndroidManifest.xml:24:13-79
102            android:exported="false"
102-->[com.google.android.gms:play-services-base:17.1.0] AndroidManifest.xml:25:13-37
103            android:theme="@android:style/Theme.Translucent.NoTitleBar" />
103-->[com.google.android.gms:play-services-base:17.1.0] AndroidManifest.xml:26:13-72
104
105        <meta-data
105-->[com.google.android.gms:play-services-basement:17.0.0] AndroidManifest.xml:23:9-25:69
106            android:name="com.google.android.gms.version"
106-->[com.google.android.gms:play-services-basement:17.0.0] AndroidManifest.xml:24:13-58
107            android:value="@integer/google_play_services_version" />
107-->[com.google.android.gms:play-services-basement:17.0.0] AndroidManifest.xml:25:13-66
108
109        <provider
109-->[androidx.lifecycle:lifecycle-process:2.2.0] AndroidManifest.xml:25:9-29:43
110            android:name="androidx.lifecycle.ProcessLifecycleOwnerInitializer"
110-->[androidx.lifecycle:lifecycle-process:2.2.0] AndroidManifest.xml:26:13-79
111            android:authorities="com.maluku.sma_rt.lifecycle-process"
111-->[androidx.lifecycle:lifecycle-process:2.2.0] AndroidManifest.xml:27:13-69
112            android:exported="false"
112-->[androidx.lifecycle:lifecycle-process:2.2.0] AndroidManifest.xml:28:13-37
113            android:multiprocess="true" />
113-->[androidx.lifecycle:lifecycle-process:2.2.0] AndroidManifest.xml:29:13-40
114    </application>
115
116</manifest>